<?xml version="1.0" encoding="UTF-8"?>
<!-- Generated by org.testng.reporters.JUnitReportReporter -->
<testsuite skipped="0" hostname="DESKTOP-3EINJNF" name="com.qa.tests.sampleTest01" tests="1" failures="0" timestamp="2020-07-13T14:06:51 BST" time="19.089" errors="0">
  <testcase name="sampleTest" time="19.089" classname="com.qa.tests.sampleTest01"/>
  <system-out/>
</testsuite> <!-- com.qa.tests.sampleTest01 -->
